  [1m[36m (0.1ms)[0m  [1mSHOW search_path[0m
  [1m[35m (56.4ms)[0m  CREATE TABLE "schema_migrations" ("version" character varying(255) NOT NULL) 
  [1m[36m (3.4ms)[0m  [1m SELECT distinct i.relname, d.indisunique, d.indkey, t.oid
 FROM pg_class t
 INNER JOIN pg_index d ON t.oid = d.indrelid
 INNER JOIN pg_class i ON d.indexrelid = i.oid
 WHERE i.relkind = 'i'
 AND d.indisprimary = 'f'
 AND t.relname = 'schema_migrations'
 AND i.relnamespace IN (SELECT oid FROM pg_namespace WHERE nspname = ANY (current_schemas(false)) )
 ORDER BY i.relname
[0m
  [1m[35m (112.0ms)[0m  CREATE UNIQUE INDEX "unique_schema_migrations" ON "schema_migrations" ("version")
  [1m[36m (0.1ms)[0m  [1mSHOW search_path[0m
  [1m[36m (0.1ms)[0m  [1mSHOW search_path[0m
  [1m[36m (0.1ms)[0m  [1mSHOW search_path[0m
  [1m[36m (0.1ms)[0m  [1mSHOW search_path[0m
  [1m[36m (0.1ms)[0m  [1mSHOW search_path[0m
  [1m[35m (0.2ms)[0m  SELECT "schema_migrations"."version" FROM "schema_migrations" 
Migrating to CreateChouetteLine (20120213131553)
  [1m[36m (0.1ms)[0m  [1mBEGIN[0m
  [1m[35m (117.2ms)[0m  CREATE TABLE "line" ("id" serial primary key, "ptnetworkid" bigint, "companyid" bigint, "objectid" character varying(255), "objectversion" integer, "creationtime" timestamp, "creatorid" character varying(255), "name" character varying(255), "number" character varying(255), "publishedname" character varying(255), "transportmodename" character varying(255), "registrationnumber" character varying(255), "comment" character varying(255), "mobilityrestrictedsuitable" boolean, "userneeds" bigint) 
  [1m[36m (2.5ms)[0m  [1m SELECT distinct i.relname, d.indisunique, d.indkey, t.oid
 FROM pg_class t
 INNER JOIN pg_index d ON t.oid = d.indrelid
 INNER JOIN pg_class i ON d.indexrelid = i.oid
 WHERE i.relkind = 'i'
 AND d.indisprimary = 'f'
 AND t.relname = 'line'
 AND i.relnamespace IN (SELECT oid FROM pg_namespace WHERE nspname = ANY (current_schemas(false)) )
 ORDER BY i.relname
[0m
  [1m[35m (29.8ms)[0m  CREATE UNIQUE INDEX "line_objectid_key" ON "line" ("objectid")
  [1m[36m (2.0ms)[0m  [1m SELECT distinct i.relname, d.indisunique, d.indkey, t.oid
 FROM pg_class t
 INNER JOIN pg_index d ON t.oid = d.indrelid
 INNER JOIN pg_class i ON d.indexrelid = i.oid
 WHERE i.relkind = 'i'
 AND d.indisprimary = 'f'
 AND t.relname = 'line'
 AND i.relnamespace IN (SELECT oid FROM pg_namespace WHERE nspname = ANY (current_schemas(false)) )
 ORDER BY i.relname
[0m
  [1m[35mColumns for index line_objectid_key on line (0.6ms)[0m   SELECT a.attnum, a.attname
 FROM pg_attribute a
 WHERE a.attrelid = 609413
 AND a.attnum IN (4)
  [1m[36m (38.5ms)[0m  [1mCREATE UNIQUE INDEX "line_registrationnumber_key" ON "line" ("registrationnumber")[0m
  [1m[35m (0.6ms)[0m  INSERT INTO "schema_migrations" ("version") VALUES ('20120213131553')
  [1m[36m (22.2ms)[0m  [1mCOMMIT[0m
Migrating to CreateChouetteCompany (20120214101458)
  [1m[35m (0.7ms)[0m  BEGIN
  [1m[36m (53.2ms)[0m  [1mCREATE TABLE "company" ("id" serial primary key, "objectid" character varying(255), "objectversion" integer, "creationtime" timestamp, "creatorid" character varying(255), "name" character varying(255), "shortname" character varying(255), "organizationalunit" character varying(255), "operatingdepartmentname" character varying(255), "code" character varying(255), "phone" character varying(255), "fax" character varying(255), "email" character varying(255), "registrationnumber" character varying(255)) [0m
  [1m[35m (1.6ms)[0m   SELECT distinct i.relname, d.indisunique, d.indkey, t.oid
 FROM pg_class t
 INNER JOIN pg_index d ON t.oid = d.indrelid
 INNER JOIN pg_class i ON d.indexrelid = i.oid
 WHERE i.relkind = 'i'
 AND d.indisprimary = 'f'
 AND t.relname = 'company'
 AND i.relnamespace IN (SELECT oid FROM pg_namespace WHERE nspname = ANY (current_schemas(false)) )
 ORDER BY i.relname
  [1m[36m (22.5ms)[0m  [1mCREATE UNIQUE INDEX "company_objectid_key" ON "company" ("objectid")[0m
  [1m[35m (2.2ms)[0m   SELECT distinct i.relname, d.indisunique, d.indkey, t.oid
 FROM pg_class t
 INNER JOIN pg_index d ON t.oid = d.indrelid
 INNER JOIN pg_class i ON d.indexrelid = i.oid
 WHERE i.relkind = 'i'
 AND d.indisprimary = 'f'
 AND t.relname = 'company'
 AND i.relnamespace IN (SELECT oid FROM pg_namespace WHERE nspname = ANY (current_schemas(false)) )
 ORDER BY i.relname
  [1m[36mColumns for index company_objectid_key on company (0.4ms)[0m  [1m SELECT a.attnum, a.attname
 FROM pg_attribute a
 WHERE a.attrelid = 609426
 AND a.attnum IN (2)
[0m
  [1m[35m (29.2ms)[0m  CREATE UNIQUE INDEX "company_registrationnumber_key" ON "company" ("registrationnumber")
  [1m[36m (0.4ms)[0m  [1mINSERT INTO "schema_migrations" ("version") VALUES ('20120214101458')[0m
  [1m[35m (12.6ms)[0m  COMMIT
Migrating to CreateChouettePtnetwork (20120214101645)
  [1m[36m (0.6ms)[0m  [1mBEGIN[0m
  [1m[35m (120.8ms)[0m  CREATE TABLE "ptnetwork" ("id" serial primary key, "objectid" character varying(255), "objectversion" integer, "creationtime" timestamp, "creatorid" character varying(255), "versiondate" date, "description" character varying(255), "name" character varying(255), "registrationnumber" character varying(255), "sourcename" character varying(255), "sourceidentifier" character varying(255), "comment" character varying(255)) 
  [1m[36m (1.7ms)[0m  [1m SELECT distinct i.relname, d.indisunique, d.indkey, t.oid
 FROM pg_class t
 INNER JOIN pg_index d ON t.oid = d.indrelid
 INNER JOIN pg_class i ON d.indexrelid = i.oid
 WHERE i.relkind = 'i'
 AND d.indisprimary = 'f'
 AND t.relname = 'ptnetwork'
 AND i.relnamespace IN (SELECT oid FROM pg_namespace WHERE nspname = ANY (current_schemas(false)) )
 ORDER BY i.relname
[0m
  [1m[35m (30.6ms)[0m  CREATE UNIQUE INDEX "ptnetwork_objectid_key" ON "ptnetwork" ("objectid")
  [1m[36m (1.6ms)[0m  [1m SELECT distinct i.relname, d.indisunique, d.indkey, t.oid
 FROM pg_class t
 INNER JOIN pg_index d ON t.oid = d.indrelid
 INNER JOIN pg_class i ON d.indexrelid = i.oid
 WHERE i.relkind = 'i'
 AND d.indisprimary = 'f'
 AND t.relname = 'ptnetwork'
 AND i.relnamespace IN (SELECT oid FROM pg_namespace WHERE nspname = ANY (current_schemas(false)) )
 ORDER BY i.relname
[0m
  [1m[35mColumns for index ptnetwork_objectid_key on ptnetwork (0.3ms)[0m   SELECT a.attnum, a.attname
 FROM pg_attribute a
 WHERE a.attrelid = 609439
 AND a.attnum IN (2)
  [1m[36m (30.2ms)[0m  [1mCREATE UNIQUE INDEX "ptnetwork_registrationnumber_key" ON "ptnetwork" ("registrationnumber")[0m
  [1m[35m (0.3ms)[0m  INSERT INTO "schema_migrations" ("version") VALUES ('20120214101645')
  [1m[36m (12.1ms)[0m  [1mCOMMIT[0m
Migrating to CreateChouetteStopArea (20120406144221)
  [1m[35m (0.6ms)[0m  BEGIN
  [1m[36m (59.6ms)[0m  [1mCREATE TABLE "stoparea" ("id" serial primary key, "parentid" bigint, "objectid" character varying(255), "objectversion" integer, "creationtime" timestamp, "creatorid" character varying(255), "name" character varying(255), "comment" character varying(255), "areatype" character varying(255), "registrationnumber" character varying(255), "nearesttopicname" character varying(255), "farecode" integer, "longitude" decimal(19,16), "latitude" decimal(19,16), "longlattype" character varying(255), "x" decimal(19,2), "y" decimal(19,2), "projectiontype" character varying(255), "countrycode" character varying(255), "streetname" character varying(255), "modes" integer DEFAULT 0) [0m
  [1m[35m (2.3ms)[0m   SELECT distinct i.relname, d.indisunique, d.indkey, t.oid
 FROM pg_class t
 INNER JOIN pg_index d ON t.oid = d.indrelid
 INNER JOIN pg_class i ON d.indexrelid = i.oid
 WHERE i.relkind = 'i'
 AND d.indisprimary = 'f'
 AND t.relname = 'stoparea'
 AND i.relnamespace IN (SELECT oid FROM pg_namespace WHERE nspname = ANY (current_schemas(false)) )
 ORDER BY i.relname
  [1m[36m (37.7ms)[0m  [1mCREATE UNIQUE INDEX "stoparea_objectid_key" ON "stoparea" ("objectid")[0m
  [1m[35m (1.6ms)[0m   SELECT distinct i.relname, d.indisunique, d.indkey, t.oid
 FROM pg_class t
 INNER JOIN pg_index d ON t.oid = d.indrelid
 INNER JOIN pg_class i ON d.indexrelid = i.oid
 WHERE i.relkind = 'i'
 AND d.indisprimary = 'f'
 AND t.relname = 'stoparea'
 AND i.relnamespace IN (SELECT oid FROM pg_namespace WHERE nspname = ANY (current_schemas(false)) )
 ORDER BY i.relname
  [1m[36mColumns for index stoparea_objectid_key on stoparea (0.4ms)[0m  [1m SELECT a.attnum, a.attname
 FROM pg_attribute a
 WHERE a.attrelid = 609452
 AND a.attnum IN (3)
[0m
  [1m[35m (30.2ms)[0m  CREATE INDEX "index_stoparea_on_parentid" ON "stoparea" ("parentid")
  [1m[36m (0.3ms)[0m  [1mINSERT INTO "schema_migrations" ("version") VALUES ('20120406144221')[0m
  [1m[35m (11.0ms)[0m  COMMIT
  [1m[36m (0.2ms)[0m  [1mSHOW search_path[0m
  [1m[35m (1.0ms)[0m  SELECT "schema_migrations"."version" FROM "schema_migrations" 
  [1m[36m (2.5ms)[0m  [1m SELECT distinct i.relname, d.indisunique, d.indkey, t.oid
 FROM pg_class t
 INNER JOIN pg_index d ON t.oid = d.indrelid
 INNER JOIN pg_class i ON d.indexrelid = i.oid
 WHERE i.relkind = 'i'
 AND d.indisprimary = 'f'
 AND t.relname = 'company'
 AND i.relnamespace IN (SELECT oid FROM pg_namespace WHERE nspname = ANY (current_schemas(false)) )
 ORDER BY i.relname
[0m
  [1m[35mColumns for index company_objectid_key on company (0.5ms)[0m   SELECT a.attnum, a.attname
 FROM pg_attribute a
 WHERE a.attrelid = 609426
 AND a.attnum IN (2)
  [1m[36mColumns for index company_registrationnumber_key on company (0.4ms)[0m  [1m SELECT a.attnum, a.attname
 FROM pg_attribute a
 WHERE a.attrelid = 609426
 AND a.attnum IN (14)
[0m
  [1m[35m (1.5ms)[0m   SELECT distinct i.relname, d.indisunique, d.indkey, t.oid
 FROM pg_class t
 INNER JOIN pg_index d ON t.oid = d.indrelid
 INNER JOIN pg_class i ON d.indexrelid = i.oid
 WHERE i.relkind = 'i'
 AND d.indisprimary = 'f'
 AND t.relname = 'geometry_columns'
 AND i.relnamespace IN (SELECT oid FROM pg_namespace WHERE nspname = ANY (current_schemas(false)) )
 ORDER BY i.relname
  [1m[36m (1.4ms)[0m  [1m SELECT distinct i.relname, d.indisunique, d.indkey, t.oid
 FROM pg_class t
 INNER JOIN pg_index d ON t.oid = d.indrelid
 INNER JOIN pg_class i ON d.indexrelid = i.oid
 WHERE i.relkind = 'i'
 AND d.indisprimary = 'f'
 AND t.relname = 'line'
 AND i.relnamespace IN (SELECT oid FROM pg_namespace WHERE nspname = ANY (current_schemas(false)) )
 ORDER BY i.relname
[0m
  [1m[35mColumns for index line_objectid_key on line (0.4ms)[0m   SELECT a.attnum, a.attname
 FROM pg_attribute a
 WHERE a.attrelid = 609413
 AND a.attnum IN (4)
  [1m[36mColumns for index line_registrationnumber_key on line (0.3ms)[0m  [1m SELECT a.attnum, a.attname
 FROM pg_attribute a
 WHERE a.attrelid = 609413
 AND a.attnum IN (12)
[0m
  [1m[35m (1.4ms)[0m   SELECT distinct i.relname, d.indisunique, d.indkey, t.oid
 FROM pg_class t
 INNER JOIN pg_index d ON t.oid = d.indrelid
 INNER JOIN pg_class i ON d.indexrelid = i.oid
 WHERE i.relkind = 'i'
 AND d.indisprimary = 'f'
 AND t.relname = 'ptnetwork'
 AND i.relnamespace IN (SELECT oid FROM pg_namespace WHERE nspname = ANY (current_schemas(false)) )
 ORDER BY i.relname
  [1m[36mColumns for index ptnetwork_objectid_key on ptnetwork (0.4ms)[0m  [1m SELECT a.attnum, a.attname
 FROM pg_attribute a
 WHERE a.attrelid = 609439
 AND a.attnum IN (2)
[0m
  [1m[35mColumns for index ptnetwork_registrationnumber_key on ptnetwork (0.4ms)[0m   SELECT a.attnum, a.attname
 FROM pg_attribute a
 WHERE a.attrelid = 609439
 AND a.attnum IN (9)
  [1m[36m (1.3ms)[0m  [1m SELECT distinct i.relname, d.indisunique, d.indkey, t.oid
 FROM pg_class t
 INNER JOIN pg_index d ON t.oid = d.indrelid
 INNER JOIN pg_class i ON d.indexrelid = i.oid
 WHERE i.relkind = 'i'
 AND d.indisprimary = 'f'
 AND t.relname = 'spatial_ref_sys'
 AND i.relnamespace IN (SELECT oid FROM pg_namespace WHERE nspname = ANY (current_schemas(false)) )
 ORDER BY i.relname
[0m
  [1m[35m (1.4ms)[0m   SELECT distinct i.relname, d.indisunique, d.indkey, t.oid
 FROM pg_class t
 INNER JOIN pg_index d ON t.oid = d.indrelid
 INNER JOIN pg_class i ON d.indexrelid = i.oid
 WHERE i.relkind = 'i'
 AND d.indisprimary = 'f'
 AND t.relname = 'stoparea'
 AND i.relnamespace IN (SELECT oid FROM pg_namespace WHERE nspname = ANY (current_schemas(false)) )
 ORDER BY i.relname
  [1m[36mColumns for index index_stoparea_on_parentid on stoparea (0.4ms)[0m  [1m SELECT a.attnum, a.attname
 FROM pg_attribute a
 WHERE a.attrelid = 609452
 AND a.attnum IN (2)
[0m
  [1m[35mColumns for index stoparea_objectid_key on stoparea (0.3ms)[0m   SELECT a.attnum, a.attname
 FROM pg_attribute a
 WHERE a.attrelid = 609452
 AND a.attnum IN (3)
